<?xml version="1.0" encoding="UTF-8"?>
<testng-results ignored="0" total="1" passed="1" failed="0" skipped="0">
  <reporter-output>
  </reporter-output>
  <suite started-at="2024-06-17T19:09:53 IST" name="Default suite" finished-at="2024-06-17T19:10:43 IST" duration-ms="50645">
    <groups>
    </groups>
    <test started-at="2024-06-17T19:09:53 IST" name="Default test" finished-at="2024-06-17T19:10:43 IST" duration-ms="50645">
      <class name="verifyProductSorting.SortByPosition">
        <test-method is-config="true" signature="setUp()[pri:0, instance:verifyProductSorting.SortByPosition@38c6f217]" started-at="2024-06-17T19:09:53 IST" name="setUp" finished-at="2024-06-17T19:10:25 IST" duration-ms="32629" status="PASS">
          <reporter-output>
          </reporter-output>
        </test-method> <!-- setUp -->
        <test-method signature="Validate_the_Products_list_is_sort_By_Position()[pri:0, instance:verifyProductSorting.SortByPosition@38c6f217]" started-at="2024-06-17T19:10:25 IST" name="Validate_the_Products_list_is_sort_By_Position" finished-at="2024-06-17T19:10:41 IST" duration-ms="15827" status="PASS">
          <reporter-output>
          </reporter-output>
        </test-method> <!-- Validate_the_Products_list_is_sort_By_Position -->
        <test-method is-config="true" signature="tearDown()[pri:0, instance:verifyProductSorting.SortByPosition@38c6f217]" started-at="2024-06-17T19:10:41 IST" name="tearDown" finished-at="2024-06-17T19:10:43 IST" duration-ms="2058" status="PASS">
          <reporter-output>
          </reporter-output>
        </test-method> <!-- tearDown -->
      </class> <!-- verifyProductSorting.SortByPosition -->
    </test> <!-- Default test -->
  </suite> <!-- Default suite -->
</testng-results>
